<?xml version="1.0" encoding="UTF-8"?>
<!-- Generated by org.testng.reporters.JUnitReportReporter -->
<testsuite hostname="LTIN618124" failures="0" tests="1" name="testCases.TC_002_SecondTestCase" time="11.057" errors="0" timestamp="2025-07-03T10:45:17 IST" skipped="0">
  <testcase classname="testCases.TC_002_SecondTestCase" name="fill_details" time="11.057"/>
</testsuite> <!-- testCases.TC_002_SecondTestCase -->
